# JRE version: Java(TM) SE Runtime Environment (19.0.1+10) (build 19.0.1+10-21)
# Java VM: Java HotSpot(TM) 64-Bit Server VM (19.0.1+10-21, mixed mode, sharing, tiered, compressed oops, compressed class ptrs, g1 gc, windows-amd64)
GC Precious Log:
 CardTable entry size: 512
 Card Set container configuration: InlinePtr #cards 5 size 8 Array Of Cards #cards 12 size 40 Howl #buckets 4 coarsen threshold 1843 Howl Bitmap #cards 512 size 80 coarsen threshold 460 Card regions per heap region 1 cards per card region 2048
 CPUs: 2 total, 2 available
 Memory: 1917M
 Large Page Support: Disabled
 NUMA Support: Disabled
 Compressed Oops: Enabled (32-bit)
 Heap Region Size: 1M
 Heap Min Capacity: 8M
 Heap Initial Capacity: 30M
 Heap Max Capacity: 480M
 Pre-touch: Disabled
 Parallel Workers: 2
 Concurrent Workers: 1
 Concurrent Refinement Workers: 2
 Periodic GC: Disabled
Heap:
 garbage-first heap   total 275456K, used 218942K [0x00000000e2000000, 0x0000000100000000)
  region size 1024K, 74 young (75776K), 5 survivors (5120K)
 Metaspace       used 19418K, committed 19584K, reserved 1114112K
  class space    used 1907K, committed 1984K, reserved 1048576K
GC Heap History (20 events):
Event: 113.679 GC heap before
{Heap before GC invocations=80 (full 0):
 garbage-first heap   total 265216K, used 228876K [0x00000000e2000000, 0x0000000100000000)
  region size 1024K, 83 young (84992K), 1 survivors (1024K)
 Metaspace       used 18998K, committed 19200K, reserved 1114112K
  class space    used 1881K, committed 1984K, reserved 1048576K
}
Event: 113.682 GC heap after
{Heap after GC invocations=81 (full 0):
 garbage-first heap   total 265216K, used 144404K [0x00000000e2000000, 0x0000000100000000)
  region size 1024K, 1 young (1024K), 1 survivors (1024K)
 Metaspace       used 18998K, committed 19200K, reserved 1114112K
  class space    used 1881K, committed 1984K, reserved 1048576K
}
Event: 115.327 GC heap before
{Heap before GC invocations=81 (full 0):
 garbage-first heap   total 265216K, used 229396K [0x00000000e2000000, 0x0000000100000000)
  region size 1024K, 84 young (86016K), 1 survivors (1024K)
 Metaspace       used 19038K, committed 19264K, reserved 1114112K
  class space    used 1884K, committed 1984K, reserved 1048576K
}
Event: 115.334 GC heap after
{Heap after GC invocations=82 (full 0):
 garbage-first heap   total 265216K, used 145574K [0x00000000e2000000, 0x0000000100000000)
  region size 1024K, 2 young (2048K), 2 survivors (2048K)
 Metaspace       used 19038K, committed 19264K, reserved 1114112K
  class space    used 1884K, committed 1984K, reserved 1048576K
}
Event: 116.508 GC heap before
{Heap before GC invocations=82 (full 0):
 garbage-first heap   total 265216K, used 230566K [0x00000000e2000000, 0x0000000100000000)
  region size 1024K, 85 young (87040K), 2 survivors (2048K)
 Metaspace       used 19041K, committed 19264K, reserved 1114112K
  class space    used 1884K, committed 1984K, reserved 1048576K
}
Event: 116.515 GC heap after
{Heap after GC invocations=83 (full 0):
 garbage-first heap   total 265216K, used 145712K [0x00000000e2000000, 0x0000000100000000)
  region size 1024K, 2 young (2048K), 2 survivors (2048K)
 Metaspace       used 19041K, committed 19264K, reserved 1114112K
  class space    used 1884K, committed 1984K, reserved 1048576K
}
Event: 117.878 GC heap before
{Heap before GC invocations=84 (full 0):
 garbage-first heap   total 275456K, used 229680K [0x00000000e2000000, 0x0000000100000000)
  region size 1024K, 84 young (86016K), 2 survivors (2048K)
 Metaspace       used 19046K, committed 19264K, reserved 1114112K
  class space    used 1884K, committed 1984K, reserved 1048576K
}
Event: 117.890 GC heap after
{Heap after GC invocations=85 (full 0):
 garbage-first heap   total 275456K, used 146101K [0x00000000e2000000, 0x0000000100000000)
  region size 1024K, 3 young (3072K), 3 survivors (3072K)
 Metaspace       used 19046K, committed 19264K, reserved 1114112K
  class space    used 1884K, committed 1984K, reserved 1048576K
}
Event: 118.018 GC heap before
{Heap before GC invocations=85 (full 0):
 garbage-first heap   total 275456K, used 156341K [0x00000000e2000000, 0x0000000100000000)
  region size 1024K, 13 young (13312K), 3 survivors (3072K)
 Metaspace       used 19046K, committed 19264K, reserved 1114112K
  class space    used 1884K, committed 1984K, reserved 1048576K
}
Event: 118.029 GC heap after
{Heap after GC invocations=86 (full 0):
 garbage-first heap   total 275456K, used 145275K [0x00000000e2000000, 0x0000000100000000)
  region size 1024K, 1 young (1024K), 1 survivors (1024K)
 Metaspace       used 19046K, committed 19264K, reserved 1114112K
  class space    used 1884K, committed 1984K, reserved 1048576K
}
Event: 119.175 GC heap before
{Heap before GC invocations=86 (full 0):
 garbage-first heap   total 275456K, used 241531K [0x00000000e2000000, 0x0000000100000000)
  region size 1024K, 95 young (97280K), 1 survivors (1024K)
 Metaspace       used 19048K, committed 19264K, reserved 1114112K
  class space    used 1884K, committed 1984K, reserved 1048576K
}
Event: 119.185 GC heap after
{Heap after GC invocations=87 (full 0):
 garbage-first heap   total 275456K, used 147058K [0x00000000e2000000, 0x0000000100000000)
  region size 1024K, 3 young (3072K), 3 survivors (3072K)
 Metaspace       used 19048K, committed 19264K, reserved 1114112K
  class space    used 1884K, committed 1984K, reserved 1048576K
}
Event: 120.623 GC heap before
{Heap before GC invocations=87 (full 0):
 garbage-first heap   total 275456K, used 240242K [0x00000000e2000000, 0x0000000100000000)
  region size 1024K, 94 young (96256K), 3 survivors (3072K)
 Metaspace       used 19048K, committed 19264K, reserved 1114112K
  class space    used 1884K, committed 1984K, reserved 1048576K
}
Event: 120.633 GC heap after
{Heap after GC invocations=88 (full 0):
 garbage-first heap   total 275456K, used 147643K [0x00000000e2000000, 0x0000000100000000)
  region size 1024K, 4 young (4096K), 4 survivors (4096K)
 Metaspace       used 19048K, committed 19264K, reserved 1114112K
  class space    used 1884K, committed 1984K, reserved 1048576K
}
Event: 326.974 GC heap before
{Heap before GC invocations=88 (full 0):
 garbage-first heap   total 275456K, used 238779K [0x00000000e2000000, 0x0000000100000000)
  region size 1024K, 94 young (96256K), 4 survivors (4096K)
 Metaspace       used 19390K, committed 19584K, reserved 1114112K
  class space    used 1907K, committed 1984K, reserved 1048576K
}
Event: 327.295 GC heap after
{Heap after GC invocations=89 (full 0):
 garbage-first heap   total 275456K, used 149271K [0x00000000e2000000, 0x0000000100000000)
  region size 1024K, 5 young (5120K), 5 survivors (5120K)
 Metaspace       used 19390K, committed 19584K, reserved 1114112K
  class space    used 1907K, committed 1984K, reserved 1048576K
}
Event: 329.752 GC heap before
{Heap before GC invocations=89 (full 0):
 garbage-first heap   total 275456K, used 239383K [0x00000000e2000000, 0x0000000100000000)
  region size 1024K, 94 young (96256K), 5 survivors (5120K)
 Metaspace       used 19404K, committed 19584K, reserved 1114112K
  class space    used 1907K, committed 1984K, reserved 1048576K
}
Event: 329.776 GC heap after
{Heap after GC invocations=90 (full 0):
 garbage-first heap   total 275456K, used 148811K [0x00000000e2000000, 0x0000000100000000)
  region size 1024K, 5 young (5120K), 5 survivors (5120K)
 Metaspace       used 19404K, committed 19584K, reserved 1114112K
  class space    used 1907K, committed 1984K, reserved 1048576K
}
Event: 330.257 GC heap before
{Heap before GC invocations=90 (full 0):
 garbage-first heap   total 275456K, used 238923K [0x00000000e2000000, 0x0000000100000000)
  region size 1024K, 94 young (96256K), 5 survivors (5120K)
 Metaspace       used 19405K, committed 19584K, reserved 1114112K
  class space    used 1907K, committed 1984K, reserved 1048576K
}
Event: 330.272 GC heap after
{Heap after GC invocations=91 (full 0):
 garbage-first heap   total 275456K, used 149310K [0x00000000e2000000, 0x0000000100000000)
  region size 1024K, 5 young (5120K), 5 survivors (5120K)
 Metaspace       used 19405K, committed 19584K, reserved 1114112K
  class space    used 1907K, committed 1984K, reserved 1048576K
}

