# JRE version: Java(TM) SE Runtime Environment (19.0.1+10) (build 19.0.1+10-21)
# Java VM: Java HotSpot(TM) 64-Bit Server VM (19.0.1+10-21, mixed mode, sharing, tiered, compressed oops, compressed class ptrs, g1 gc, windows-amd64)
GC Precious Log:
 CardTable entry size: 512
 Card Set container configuration: InlinePtr #cards 5 size 8 Array Of Cards #cards 12 size 40 Howl #buckets 4 coarsen threshold 1843 Howl Bitmap #cards 512 size 80 coarsen threshold 460 Card regions per heap region 1 cards per card region 2048
 CPUs: 2 total, 2 available
 Memory: 1917M
 Large Page Support: Disabled
 NUMA Support: Disabled
 Compressed Oops: Enabled (32-bit)
 Heap Region Size: 1M
 Heap Min Capacity: 8M
 Heap Initial Capacity: 30M
 Heap Max Capacity: 480M
 Pre-touch: Disabled
 Parallel Workers: 2
 Concurrent Workers: 1
 Concurrent Refinement Workers: 2
 Periodic GC: Disabled
Heap:
 garbage-first heap   total 436224K, used 303085K [0x00000000e2000000, 0x0000000100000000)
  region size 1024K, 168 young (172032K), 2 survivors (2048K)
 Metaspace       used 19749K, committed 20032K, reserved 1114112K
  class space    used 1939K, committed 2112K, reserved 1048576K
GC Heap History (20 events):
Event: 203.142 GC heap before
{Heap before GC invocations=174 (full 0):
 garbage-first heap   total 399360K, used 180090K [0x00000000e2000000, 0x0000000100000000)
  region size 1024K, 19 young (19456K), 6 survivors (6144K)
 Metaspace       used 19724K, committed 20032K, reserved 1114112K
  class space    used 1939K, committed 2112K, reserved 1048576K
}
Event: 203.212 GC heap after
{Heap after GC invocations=175 (full 0):
 garbage-first heap   total 399360K, used 165570K [0x00000000e2000000, 0x0000000100000000)
  region size 1024K, 1 young (1024K), 1 survivors (1024K)
 Metaspace       used 19724K, committed 20032K, reserved 1114112K
  class space    used 1939K, committed 2112K, reserved 1048576K
}
Event: 204.822 GC heap before
{Heap before GC invocations=175 (full 0):
 garbage-first heap   total 399360K, used 342722K [0x00000000e2000000, 0x0000000100000000)
  region size 1024K, 174 young (178176K), 1 survivors (1024K)
 Metaspace       used 19724K, committed 20032K, reserved 1114112K
  class space    used 1939K, committed 2112K, reserved 1048576K
}
Event: 204.842 GC heap after
{Heap after GC invocations=176 (full 0):
 garbage-first heap   total 436224K, used 169772K [0x00000000e2000000, 0x0000000100000000)
  region size 1024K, 5 young (5120K), 5 survivors (5120K)
 Metaspace       used 19724K, committed 20032K, reserved 1114112K
  class space    used 1939K, committed 2112K, reserved 1048576K
}
Event: 206.101 GC heap before
{Heap before GC invocations=176 (full 0):
 garbage-first heap   total 436224K, used 371500K [0x00000000e2000000, 0x0000000100000000)
  region size 1024K, 202 young (206848K), 5 survivors (5120K)
 Metaspace       used 19724K, committed 20032K, reserved 1114112K
  class space    used 1939K, committed 2112K, reserved 1048576K
}
Event: 206.141 GC heap after
{Heap after GC invocations=177 (full 0):
 garbage-first heap   total 436224K, used 174892K [0x00000000e2000000, 0x0000000100000000)
  region size 1024K, 10 young (10240K), 10 survivors (10240K)
 Metaspace       used 19724K, committed 20032K, reserved 1114112K
  class space    used 1939K, committed 2112K, reserved 1048576K
}
Event: 207.936 GC heap before
{Heap before GC invocations=178 (full 0):
 garbage-first heap   total 436224K, used 330540K [0x00000000e2000000, 0x0000000100000000)
  region size 1024K, 204 young (208896K), 10 survivors (10240K)
 Metaspace       used 19724K, committed 20032K, reserved 1114112K
  class space    used 1939K, committed 2112K, reserved 1048576K
}
Event: 207.974 GC heap after
{Heap after GC invocations=179 (full 0):
 garbage-first heap   total 436224K, used 137516K [0x00000000e2000000, 0x0000000100000000)
  region size 1024K, 16 young (16384K), 16 survivors (16384K)
 Metaspace       used 19724K, committed 20032K, reserved 1114112K
  class space    used 1939K, committed 2112K, reserved 1048576K
}
Event: 207.999 GC heap before
{Heap before GC invocations=179 (full 0):
 garbage-first heap   total 436224K, used 142636K [0x00000000e2000000, 0x0000000100000000)
  region size 1024K, 21 young (21504K), 16 survivors (16384K)
 Metaspace       used 19724K, committed 20032K, reserved 1114112K
  class space    used 1939K, committed 2112K, reserved 1048576K
}
Event: 208.446 GC heap after
{Heap after GC invocations=180 (full 0):
 garbage-first heap   total 436224K, used 130978K [0x00000000e2000000, 0x0000000100000000)
  region size 1024K, 1 young (1024K), 1 survivors (1024K)
 Metaspace       used 19724K, committed 20032K, reserved 1114112K
  class space    used 1939K, committed 2112K, reserved 1048576K
}
Event: 210.550 GC heap before
{Heap before GC invocations=180 (full 0):
 garbage-first heap   total 436224K, used 369570K [0x00000000e2000000, 0x0000000100000000)
  region size 1024K, 235 young (240640K), 1 survivors (1024K)
 Metaspace       used 19744K, committed 20032K, reserved 1114112K
  class space    used 1939K, committed 2112K, reserved 1048576K
}
Event: 210.615 GC heap after
{Heap after GC invocations=181 (full 0):
 garbage-first heap   total 436224K, used 138852K [0x00000000e2000000, 0x0000000100000000)
  region size 1024K, 9 young (9216K), 9 survivors (9216K)
 Metaspace       used 19744K, committed 20032K, reserved 1114112K
  class space    used 1939K, committed 2112K, reserved 1048576K
}
Event: 212.100 GC heap before
{Heap before GC invocations=181 (full 0):
 garbage-first heap   total 436224K, used 329316K [0x00000000e2000000, 0x0000000100000000)
  region size 1024K, 195 young (199680K), 9 survivors (9216K)
 Metaspace       used 19746K, committed 20032K, reserved 1114112K
  class space    used 1939K, committed 2112K, reserved 1048576K
}
Event: 212.120 GC heap after
{Heap after GC invocations=182 (full 0):
 garbage-first heap   total 436224K, used 139682K [0x00000000e2000000, 0x0000000100000000)
  region size 1024K, 10 young (10240K), 10 survivors (10240K)
 Metaspace       used 19746K, committed 20032K, reserved 1114112K
  class space    used 1939K, committed 2112K, reserved 1048576K
}
Event: 213.436 GC heap before
{Heap before GC invocations=182 (full 0):
 garbage-first heap   total 436224K, used 344482K [0x00000000e2000000, 0x0000000100000000)
  region size 1024K, 210 young (215040K), 10 survivors (10240K)
 Metaspace       used 19746K, committed 20032K, reserved 1114112K
  class space    used 1939K, committed 2112K, reserved 1048576K
}
Event: 213.471 GC heap after
{Heap after GC invocations=183 (full 0):
 garbage-first heap   total 436224K, used 139682K [0x00000000e2000000, 0x0000000100000000)
  region size 1024K, 10 young (10240K), 10 survivors (10240K)
 Metaspace       used 19746K, committed 20032K, reserved 1114112K
  class space    used 1939K, committed 2112K, reserved 1048576K
}
Event: 216.047 GC heap before
{Heap before GC invocations=184 (full 0):
 garbage-first heap   total 436224K, used 373154K [0x00000000e2000000, 0x0000000100000000)
  region size 1024K, 238 young (243712K), 10 survivors (10240K)
 Metaspace       used 19746K, committed 20032K, reserved 1114112K
  class space    used 1939K, committed 2112K, reserved 1048576K
}
Event: 216.068 GC heap after
{Heap after GC invocations=185 (full 0):
 garbage-first heap   total 436224K, used 140194K [0x00000000e2000000, 0x0000000100000000)
  region size 1024K, 10 young (10240K), 10 survivors (10240K)
 Metaspace       used 19746K, committed 20032K, reserved 1114112K
  class space    used 1939K, committed 2112K, reserved 1048576K
}
Event: 216.154 GC heap before
{Heap before GC invocations=185 (full 0):
 garbage-first heap   total 436224K, used 151458K [0x00000000e2000000, 0x0000000100000000)
  region size 1024K, 21 young (21504K), 10 survivors (10240K)
 Metaspace       used 19746K, committed 20032K, reserved 1114112K
  class space    used 1939K, committed 2112K, reserved 1048576K
}
Event: 216.522 GC heap after
{Heap after GC invocations=186 (full 0):
 garbage-first heap   total 436224K, used 134125K [0x00000000e2000000, 0x0000000100000000)
  region size 1024K, 2 young (2048K), 2 survivors (2048K)
 Metaspace       used 19746K, committed 20032K, reserved 1114112K
  class space    used 1939K, committed 2112K, reserved 1048576K
}

