# JRE version: Java(TM) SE Runtime Environment (19.0.1+10) (build 19.0.1+10-21)
# Java VM: Java HotSpot(TM) 64-Bit Server VM (19.0.1+10-21, mixed mode, sharing, tiered, compressed oops, compressed class ptrs, g1 gc, windows-amd64)
GC Precious Log:
 CardTable entry size: 512
 Card Set container configuration: InlinePtr #cards 5 size 8 Array Of Cards #cards 12 size 40 Howl #buckets 4 coarsen threshold 1843 Howl Bitmap #cards 512 size 80 coarsen threshold 460 Card regions per heap region 1 cards per card region 2048
 CPUs: 2 total, 2 available
 Memory: 1917M
 Large Page Support: Disabled
 NUMA Support: Disabled
 Compressed Oops: Enabled (32-bit)
 Heap Region Size: 1M
 Heap Min Capacity: 8M
 Heap Initial Capacity: 30M
 Heap Max Capacity: 480M
 Pre-touch: Disabled
 Parallel Workers: 2
 Concurrent Workers: 1
 Concurrent Refinement Workers: 2
 Periodic GC: Disabled
Heap:
 garbage-first heap   total 337920K, used 233751K [0x00000000e2000000, 0x0000000100000000)
  region size 1024K, 39 young (39936K), 1 survivors (1024K)
 Metaspace       used 19699K, committed 20032K, reserved 1114112K
  class space    used 1934K, committed 2112K, reserved 1048576K
GC Heap History (20 events):
Event: 138.940 GC heap before
{Heap before GC invocations=117 (full 0):
 garbage-first heap   total 328704K, used 291242K [0x00000000e2000000, 0x0000000100000000)
  region size 1024K, 139 young (142336K), 1 survivors (1024K)
 Metaspace       used 19216K, committed 19456K, reserved 1114112K
  class space    used 1896K, committed 1984K, reserved 1048576K
}
Event: 138.942 GC heap after
{Heap after GC invocations=118 (full 0):
 garbage-first heap   total 328704K, used 151129K [0x00000000e2000000, 0x0000000100000000)
  region size 1024K, 1 young (1024K), 1 survivors (1024K)
 Metaspace       used 19216K, committed 19456K, reserved 1114112K
  class space    used 1896K, committed 1984K, reserved 1048576K
}
Event: 139.154 GC heap before
{Heap before GC invocations=118 (full 0):
 garbage-first heap   total 328704K, used 291417K [0x00000000e2000000, 0x0000000100000000)
  region size 1024K, 139 young (142336K), 1 survivors (1024K)
 Metaspace       used 19216K, committed 19456K, reserved 1114112K
  class space    used 1896K, committed 1984K, reserved 1048576K
}
Event: 139.156 GC heap after
{Heap after GC invocations=119 (full 0):
 garbage-first heap   total 328704K, used 150961K [0x00000000e2000000, 0x0000000100000000)
  region size 1024K, 1 young (1024K), 1 survivors (1024K)
 Metaspace       used 19216K, committed 19456K, reserved 1114112K
  class space    used 1896K, committed 1984K, reserved 1048576K
}
Event: 139.326 GC heap before
{Heap before GC invocations=119 (full 0):
 garbage-first heap   total 328704K, used 291249K [0x00000000e2000000, 0x0000000100000000)
  region size 1024K, 139 young (142336K), 1 survivors (1024K)
 Metaspace       used 19216K, committed 19456K, reserved 1114112K
  class space    used 1896K, committed 1984K, reserved 1048576K
}
Event: 139.357 GC heap after
{Heap after GC invocations=120 (full 0):
 garbage-first heap   total 328704K, used 151134K [0x00000000e2000000, 0x0000000100000000)
  region size 1024K, 1 young (1024K), 1 survivors (1024K)
 Metaspace       used 19216K, committed 19456K, reserved 1114112K
  class space    used 1896K, committed 1984K, reserved 1048576K
}
Event: 139.599 GC heap before
{Heap before GC invocations=120 (full 0):
 garbage-first heap   total 328704K, used 291422K [0x00000000e2000000, 0x0000000100000000)
  region size 1024K, 139 young (142336K), 1 survivors (1024K)
 Metaspace       used 19216K, committed 19456K, reserved 1114112K
  class space    used 1896K, committed 1984K, reserved 1048576K
}
Event: 139.601 GC heap after
{Heap after GC invocations=121 (full 0):
 garbage-first heap   total 328704K, used 150966K [0x00000000e2000000, 0x0000000100000000)
  region size 1024K, 1 young (1024K), 1 survivors (1024K)
 Metaspace       used 19216K, committed 19456K, reserved 1114112K
  class space    used 1896K, committed 1984K, reserved 1048576K
}
Event: 139.812 GC heap before
{Heap before GC invocations=121 (full 0):
 garbage-first heap   total 328704K, used 291254K [0x00000000e2000000, 0x0000000100000000)
  region size 1024K, 139 young (142336K), 1 survivors (1024K)
 Metaspace       used 19216K, committed 19456K, reserved 1114112K
  class space    used 1896K, committed 1984K, reserved 1048576K
}
Event: 139.814 GC heap after
{Heap after GC invocations=122 (full 0):
 garbage-first heap   total 328704K, used 151140K [0x00000000e2000000, 0x0000000100000000)
  region size 1024K, 1 young (1024K), 1 survivors (1024K)
 Metaspace       used 19216K, committed 19456K, reserved 1114112K
  class space    used 1896K, committed 1984K, reserved 1048576K
}
Event: 139.995 GC heap before
{Heap before GC invocations=122 (full 0):
 garbage-first heap   total 328704K, used 291428K [0x00000000e2000000, 0x0000000100000000)
  region size 1024K, 139 young (142336K), 1 survivors (1024K)
 Metaspace       used 19216K, committed 19456K, reserved 1114112K
  class space    used 1896K, committed 1984K, reserved 1048576K
}
Event: 139.997 GC heap after
{Heap after GC invocations=123 (full 0):
 garbage-first heap   total 328704K, used 150969K [0x00000000e2000000, 0x0000000100000000)
  region size 1024K, 1 young (1024K), 1 survivors (1024K)
 Metaspace       used 19216K, committed 19456K, reserved 1114112K
  class space    used 1896K, committed 1984K, reserved 1048576K
}
Event: 140.218 GC heap before
{Heap before GC invocations=123 (full 0):
 garbage-first heap   total 328704K, used 291257K [0x00000000e2000000, 0x0000000100000000)
  region size 1024K, 139 young (142336K), 1 survivors (1024K)
 Metaspace       used 19216K, committed 19456K, reserved 1114112K
  class space    used 1896K, committed 1984K, reserved 1048576K
}
Event: 140.220 GC heap after
{Heap after GC invocations=124 (full 0):
 garbage-first heap   total 328704K, used 151143K [0x00000000e2000000, 0x0000000100000000)
  region size 1024K, 1 young (1024K), 1 survivors (1024K)
 Metaspace       used 19216K, committed 19456K, reserved 1114112K
  class space    used 1896K, committed 1984K, reserved 1048576K
}
Event: 140.395 GC heap before
{Heap before GC invocations=124 (full 0):
 garbage-first heap   total 328704K, used 291431K [0x00000000e2000000, 0x0000000100000000)
  region size 1024K, 139 young (142336K), 1 survivors (1024K)
 Metaspace       used 19216K, committed 19456K, reserved 1114112K
  class space    used 1896K, committed 1984K, reserved 1048576K
}
Event: 140.399 GC heap after
{Heap after GC invocations=125 (full 0):
 garbage-first heap   total 328704K, used 150976K [0x00000000e2000000, 0x0000000100000000)
  region size 1024K, 1 young (1024K), 1 survivors (1024K)
 Metaspace       used 19216K, committed 19456K, reserved 1114112K
  class space    used 1896K, committed 1984K, reserved 1048576K
}
Event: 140.567 GC heap before
{Heap before GC invocations=125 (full 0):
 garbage-first heap   total 328704K, used 286144K [0x00000000e2000000, 0x0000000100000000)
  region size 1024K, 125 young (128000K), 1 survivors (1024K)
 Metaspace       used 19219K, committed 19456K, reserved 1114112K
  class space    used 1897K, committed 1984K, reserved 1048576K
}
Event: 140.587 GC heap after
{Heap after GC invocations=126 (full 0):
 garbage-first heap   total 328704K, used 161047K [0x00000000e2000000, 0x0000000100000000)
  region size 1024K, 1 young (1024K), 1 survivors (1024K)
 Metaspace       used 19219K, committed 19456K, reserved 1114112K
  class space    used 1897K, committed 1984K, reserved 1048576K
}
Event: 140.625 GC heap before
{Heap before GC invocations=126 (full 0):
 garbage-first heap   total 328704K, used 176407K [0x00000000e2000000, 0x0000000100000000)
  region size 1024K, 2 young (2048K), 1 survivors (1024K)
 Metaspace       used 19219K, committed 19456K, reserved 1114112K
  class space    used 1897K, committed 1984K, reserved 1048576K
}
Event: 140.626 GC heap after
{Heap after GC invocations=127 (full 0):
 garbage-first heap   total 328704K, used 176407K [0x00000000e2000000, 0x0000000100000000)
  region size 1024K, 1 young (1024K), 1 survivors (1024K)
 Metaspace       used 19219K, committed 19456K, reserved 1114112K
  class space    used 1897K, committed 1984K, reserved 1048576K
}

