# JRE version: Java(TM) SE Runtime Environment (19.0.1+10) (build 19.0.1+10-21)
# Java VM: Java HotSpot(TM) 64-Bit Server VM (19.0.1+10-21, mixed mode, sharing, tiered, compressed oops, compressed class ptrs, g1 gc, windows-amd64)
GC Precious Log:
 CardTable entry size: 512
 Card Set container configuration: InlinePtr #cards 5 size 8 Array Of Cards #cards 12 size 40 Howl #buckets 4 coarsen threshold 1843 Howl Bitmap #cards 512 size 80 coarsen threshold 460 Card regions per heap region 1 cards per card region 2048
 CPUs: 2 total, 2 available
 Memory: 1917M
 Large Page Support: Disabled
 NUMA Support: Disabled
 Compressed Oops: Enabled (32-bit)
 Heap Region Size: 1M
 Heap Min Capacity: 8M
 Heap Initial Capacity: 30M
 Heap Max Capacity: 480M
 Pre-touch: Disabled
 Parallel Workers: 2
 Concurrent Workers: 1
 Concurrent Refinement Workers: 2
 Periodic GC: Disabled
Heap:
 garbage-first heap   total 361472K, used 124100K [0x00000000e2000000, 0x0000000100000000)
  region size 1024K, 2 young (2048K), 2 survivors (2048K)
 Metaspace       used 19717K, committed 20032K, reserved 1114112K
  class space    used 1940K, committed 2112K, reserved 1048576K
GC Heap History (20 events):
Event: 134.585 GC heap after
{Heap after GC invocations=129 (full 0):
 garbage-first heap   total 306176K, used 116073K [0x00000000e2000000, 0x0000000100000000)
  region size 1024K, 1 young (1024K), 1 survivors (1024K)
 Metaspace       used 19691K, committed 20032K, reserved 1114112K
  class space    used 1939K, committed 2112K, reserved 1048576K
}
Event: 135.064 GC heap before
{Heap before GC invocations=129 (full 0):
 garbage-first heap   total 306176K, used 260457K [0x00000000e2000000, 0x0000000100000000)
  region size 1024K, 142 young (145408K), 1 survivors (1024K)
 Metaspace       used 19691K, committed 20032K, reserved 1114112K
  class space    used 1939K, committed 2112K, reserved 1048576K
}
Event: 135.082 GC heap after
{Heap after GC invocations=130 (full 0):
 garbage-first heap   total 306176K, used 119145K [0x00000000e2000000, 0x0000000100000000)
  region size 1024K, 4 young (4096K), 4 survivors (4096K)
 Metaspace       used 19691K, committed 20032K, reserved 1114112K
  class space    used 1939K, committed 2112K, reserved 1048576K
}
Event: 136.228 GC heap before
{Heap before GC invocations=131 (full 0):
 garbage-first heap   total 306176K, used 260457K [0x00000000e2000000, 0x0000000100000000)
  region size 1024K, 143 young (146432K), 4 survivors (4096K)
 Metaspace       used 19693K, committed 20032K, reserved 1114112K
  class space    used 1939K, committed 2112K, reserved 1048576K
}
Event: 136.287 GC heap after
{Heap after GC invocations=132 (full 0):
 garbage-first heap   total 306176K, used 127684K [0x00000000e2000000, 0x0000000100000000)
  region size 1024K, 13 young (13312K), 13 survivors (13312K)
 Metaspace       used 19693K, committed 20032K, reserved 1114112K
  class space    used 1939K, committed 2112K, reserved 1048576K
}
Event: 136.320 GC heap before
{Heap before GC invocations=132 (full 0):
 garbage-first heap   total 306176K, used 128708K [0x00000000e2000000, 0x0000000100000000)
  region size 1024K, 14 young (14336K), 13 survivors (13312K)
 Metaspace       used 19699K, committed 20032K, reserved 1114112K
  class space    used 1939K, committed 2112K, reserved 1048576K
}
Event: 136.399 GC heap after
{Heap after GC invocations=133 (full 0):
 garbage-first heap   total 361472K, used 125114K [0x00000000e2000000, 0x0000000100000000)
  region size 1024K, 1 young (1024K), 1 survivors (1024K)
 Metaspace       used 19699K, committed 20032K, reserved 1114112K
  class space    used 1939K, committed 2112K, reserved 1048576K
}
Event: 137.824 GC heap before
{Heap before GC invocations=133 (full 0):
 garbage-first heap   total 361472K, used 300218K [0x00000000e2000000, 0x0000000100000000)
  region size 1024K, 173 young (177152K), 1 survivors (1024K)
 Metaspace       used 19716K, committed 20032K, reserved 1114112K
  class space    used 1940K, committed 2112K, reserved 1048576K
}
Event: 137.835 GC heap after
{Heap after GC invocations=134 (full 0):
 garbage-first heap   total 361472K, used 127147K [0x00000000e2000000, 0x0000000100000000)
  region size 1024K, 3 young (3072K), 3 survivors (3072K)
 Metaspace       used 19716K, committed 20032K, reserved 1114112K
  class space    used 1940K, committed 2112K, reserved 1048576K
}
Event: 139.796 GC heap before
{Heap before GC invocations=135 (full 0):
 garbage-first heap   total 361472K, used 306347K [0x00000000e2000000, 0x0000000100000000)
  region size 1024K, 178 young (182272K), 3 survivors (3072K)
 Metaspace       used 19716K, committed 20032K, reserved 1114112K
  class space    used 1940K, committed 2112K, reserved 1048576K
}
Event: 139.933 GC heap after
{Heap after GC invocations=136 (full 0):
 garbage-first heap   total 361472K, used 127421K [0x00000000e2000000, 0x0000000100000000)
  region size 1024K, 4 young (4096K), 4 survivors (4096K)
 Metaspace       used 19716K, committed 20032K, reserved 1114112K
  class space    used 1940K, committed 2112K, reserved 1048576K
}
Event: 140.014 GC heap before
{Heap before GC invocations=136 (full 0):
 garbage-first heap   total 361472K, used 140733K [0x00000000e2000000, 0x0000000100000000)
  region size 1024K, 17 young (17408K), 4 survivors (4096K)
 Metaspace       used 19716K, committed 20032K, reserved 1114112K
  class space    used 1940K, committed 2112K, reserved 1048576K
}
Event: 140.091 GC heap after
{Heap after GC invocations=137 (full 0):
 garbage-first heap   total 361472K, used 124998K [0x00000000e2000000, 0x0000000100000000)
  region size 1024K, 1 young (1024K), 1 survivors (1024K)
 Metaspace       used 19716K, committed 20032K, reserved 1114112K
  class space    used 1940K, committed 2112K, reserved 1048576K
}
Event: 141.273 GC heap before
{Heap before GC invocations=137 (full 0):
 garbage-first heap   total 361472K, used 310342K [0x00000000e2000000, 0x0000000100000000)
  region size 1024K, 182 young (186368K), 1 survivors (1024K)
 Metaspace       used 19716K, committed 20032K, reserved 1114112K
  class space    used 1940K, committed 2112K, reserved 1048576K
}
Event: 141.278 GC heap after
{Heap after GC invocations=138 (full 0):
 garbage-first heap   total 361472K, used 125270K [0x00000000e2000000, 0x0000000100000000)
  region size 1024K, 1 young (1024K), 1 survivors (1024K)
 Metaspace       used 19716K, committed 20032K, reserved 1114112K
  class space    used 1940K, committed 2112K, reserved 1048576K
}
Event: 143.967 GC heap before
{Heap before GC invocations=139 (full 0):
 garbage-first heap   total 361472K, used 312662K [0x00000000e2000000, 0x0000000100000000)
  region size 1024K, 184 young (188416K), 1 survivors (1024K)
 Metaspace       used 19716K, committed 20032K, reserved 1114112K
  class space    used 1940K, committed 2112K, reserved 1048576K
}
Event: 143.973 GC heap after
{Heap after GC invocations=140 (full 0):
 garbage-first heap   total 361472K, used 125587K [0x00000000e2000000, 0x0000000100000000)
  region size 1024K, 2 young (2048K), 2 survivors (2048K)
 Metaspace       used 19716K, committed 20032K, reserved 1114112K
  class space    used 1940K, committed 2112K, reserved 1048576K
}
Event: 144.066 GC heap before
{Heap before GC invocations=140 (full 0):
 garbage-first heap   total 361472K, used 140947K [0x00000000e2000000, 0x0000000100000000)
  region size 1024K, 17 young (17408K), 2 survivors (2048K)
 Metaspace       used 19716K, committed 20032K, reserved 1114112K
  class space    used 1940K, committed 2112K, reserved 1048576K
}
Event: 144.174 GC heap after
{Heap after GC invocations=141 (full 0):
 garbage-first heap   total 361472K, used 123269K [0x00000000e2000000, 0x0000000100000000)
  region size 1024K, 1 young (1024K), 1 survivors (1024K)
 Metaspace       used 19716K, committed 20032K, reserved 1114112K
  class space    used 1940K, committed 2112K, reserved 1048576K
}
Event: 145.594 GC heap before
{Heap before GC invocations=141 (full 0):
 garbage-first heap   total 361472K, used 314757K [0x00000000e2000000, 0x0000000100000000)
  region size 1024K, 188 young (192512K), 1 survivors (1024K)
 Metaspace       used 19717K, committed 20032K, reserved 1114112K
  class space    used 1940K, committed 2112K, reserved 1048576K
}

