# JRE version: Java(TM) SE Runtime Environment (19.0.1+10) (build 19.0.1+10-21)
# Java VM: Java HotSpot(TM) 64-Bit Server VM (19.0.1+10-21, mixed mode, sharing, tiered, compressed oops, compressed class ptrs, g1 gc, windows-amd64)
GC Precious Log:
 CardTable entry size: 512
 Card Set container configuration: InlinePtr #cards 5 size 8 Array Of Cards #cards 12 size 40 Howl #buckets 4 coarsen threshold 1843 Howl Bitmap #cards 512 size 80 coarsen threshold 460 Card regions per heap region 1 cards per card region 2048
 CPUs: 2 total, 2 available
 Memory: 1917M
 Large Page Support: Disabled
 NUMA Support: Disabled
 Compressed Oops: Enabled (32-bit)
 Heap Region Size: 1M
 Heap Min Capacity: 8M
 Heap Initial Capacity: 30M
 Heap Max Capacity: 480M
 Pre-touch: Disabled
 Parallel Workers: 2
 Concurrent Workers: 1
 Concurrent Refinement Workers: 2
 Periodic GC: Disabled
Heap:
 garbage-first heap   total 328704K, used 284622K [0x00000000e2000000, 0x0000000100000000)
  region size 1024K, 5 young (5120K), 1 survivors (1024K)
 Metaspace       used 19709K, committed 20032K, reserved 1114112K
  class space    used 1932K, committed 2112K, reserved 1048576K
GC Heap History (20 events):
Event: 212.720 GC heap before
{Heap before GC invocations=175 (full 0):
 garbage-first heap   total 305152K, used 270478K [0x00000000e2000000, 0x0000000100000000)
  region size 1024K, 94 young (96256K), 1 survivors (1024K)
 Metaspace       used 19220K, committed 19456K, reserved 1114112K
  class space    used 1894K, committed 1984K, reserved 1048576K
}
Event: 212.722 GC heap after
{Heap after GC invocations=176 (full 0):
 garbage-first heap   total 305152K, used 176270K [0x00000000e2000000, 0x0000000100000000)
  region size 1024K, 1 young (1024K), 1 survivors (1024K)
 Metaspace       used 19220K, committed 19456K, reserved 1114112K
  class space    used 1894K, committed 1984K, reserved 1048576K
}
Event: 212.860 GC heap before
{Heap before GC invocations=176 (full 0):
 garbage-first heap   total 305152K, used 270478K [0x00000000e2000000, 0x0000000100000000)
  region size 1024K, 94 young (96256K), 1 survivors (1024K)
 Metaspace       used 19220K, committed 19456K, reserved 1114112K
  class space    used 1894K, committed 1984K, reserved 1048576K
}
Event: 212.861 GC heap after
{Heap after GC invocations=177 (full 0):
 garbage-first heap   total 305152K, used 176273K [0x00000000e2000000, 0x0000000100000000)
  region size 1024K, 1 young (1024K), 1 survivors (1024K)
 Metaspace       used 19220K, committed 19456K, reserved 1114112K
  class space    used 1894K, committed 1984K, reserved 1048576K
}
Event: 213.002 GC heap before
{Heap before GC invocations=177 (full 0):
 garbage-first heap   total 305152K, used 270481K [0x00000000e2000000, 0x0000000100000000)
  region size 1024K, 94 young (96256K), 1 survivors (1024K)
 Metaspace       used 19220K, committed 19456K, reserved 1114112K
  class space    used 1894K, committed 1984K, reserved 1048576K
}
Event: 213.003 GC heap after
{Heap after GC invocations=178 (full 0):
 garbage-first heap   total 305152K, used 176275K [0x00000000e2000000, 0x0000000100000000)
  region size 1024K, 1 young (1024K), 1 survivors (1024K)
 Metaspace       used 19220K, committed 19456K, reserved 1114112K
  class space    used 1894K, committed 1984K, reserved 1048576K
}
Event: 213.232 GC heap before
{Heap before GC invocations=178 (full 0):
 garbage-first heap   total 305152K, used 270483K [0x00000000e2000000, 0x0000000100000000)
  region size 1024K, 94 young (96256K), 1 survivors (1024K)
 Metaspace       used 19220K, committed 19456K, reserved 1114112K
  class space    used 1894K, committed 1984K, reserved 1048576K
}
Event: 213.233 GC heap after
{Heap after GC invocations=179 (full 0):
 garbage-first heap   total 305152K, used 176277K [0x00000000e2000000, 0x0000000100000000)
  region size 1024K, 1 young (1024K), 1 survivors (1024K)
 Metaspace       used 19220K, committed 19456K, reserved 1114112K
  class space    used 1894K, committed 1984K, reserved 1048576K
}
Event: 213.372 GC heap before
{Heap before GC invocations=179 (full 0):
 garbage-first heap   total 305152K, used 270485K [0x00000000e2000000, 0x0000000100000000)
  region size 1024K, 94 young (96256K), 1 survivors (1024K)
 Metaspace       used 19220K, committed 19456K, reserved 1114112K
  class space    used 1894K, committed 1984K, reserved 1048576K
}
Event: 213.373 GC heap after
{Heap after GC invocations=180 (full 0):
 garbage-first heap   total 305152K, used 176277K [0x00000000e2000000, 0x0000000100000000)
  region size 1024K, 1 young (1024K), 1 survivors (1024K)
 Metaspace       used 19220K, committed 19456K, reserved 1114112K
  class space    used 1894K, committed 1984K, reserved 1048576K
}
Event: 213.506 GC heap before
{Heap before GC invocations=180 (full 0):
 garbage-first heap   total 305152K, used 270485K [0x00000000e2000000, 0x0000000100000000)
  region size 1024K, 94 young (96256K), 1 survivors (1024K)
 Metaspace       used 19220K, committed 19456K, reserved 1114112K
  class space    used 1894K, committed 1984K, reserved 1048576K
}
Event: 213.507 GC heap after
{Heap after GC invocations=181 (full 0):
 garbage-first heap   total 305152K, used 176078K [0x00000000e2000000, 0x0000000100000000)
  region size 1024K, 1 young (1024K), 1 survivors (1024K)
 Metaspace       used 19220K, committed 19456K, reserved 1114112K
  class space    used 1894K, committed 1984K, reserved 1048576K
}
Event: 213.614 GC heap before
{Heap before GC invocations=181 (full 0):
 garbage-first heap   total 305152K, used 270286K [0x00000000e2000000, 0x0000000100000000)
  region size 1024K, 94 young (96256K), 1 survivors (1024K)
 Metaspace       used 19220K, committed 19456K, reserved 1114112K
  class space    used 1894K, committed 1984K, reserved 1048576K
}
Event: 213.615 GC heap after
{Heap after GC invocations=182 (full 0):
 garbage-first heap   total 305152K, used 176277K [0x00000000e2000000, 0x0000000100000000)
  region size 1024K, 1 young (1024K), 1 survivors (1024K)
 Metaspace       used 19220K, committed 19456K, reserved 1114112K
  class space    used 1894K, committed 1984K, reserved 1048576K
}
Event: 213.761 GC heap before
{Heap before GC invocations=182 (full 0):
 garbage-first heap   total 305152K, used 270485K [0x00000000e2000000, 0x0000000100000000)
  region size 1024K, 94 young (96256K), 1 survivors (1024K)
 Metaspace       used 19220K, committed 19456K, reserved 1114112K
  class space    used 1894K, committed 1984K, reserved 1048576K
}
Event: 213.762 GC heap after
{Heap after GC invocations=183 (full 0):
 garbage-first heap   total 305152K, used 176277K [0x00000000e2000000, 0x0000000100000000)
  region size 1024K, 1 young (1024K), 1 survivors (1024K)
 Metaspace       used 19220K, committed 19456K, reserved 1114112K
  class space    used 1894K, committed 1984K, reserved 1048576K
}
Event: 213.821 GC heap before
{Heap before GC invocations=183 (full 0):
 garbage-first heap   total 305152K, used 187541K [0x00000000e2000000, 0x0000000100000000)
  region size 1024K, 14 young (14336K), 1 survivors (1024K)
 Metaspace       used 19222K, committed 19456K, reserved 1114112K
  class space    used 1894K, committed 1984K, reserved 1048576K
}
Event: 213.822 GC heap after
{Heap after GC invocations=184 (full 0):
 garbage-first heap   total 305152K, used 176078K [0x00000000e2000000, 0x0000000100000000)
  region size 1024K, 1 young (1024K), 1 survivors (1024K)
 Metaspace       used 19222K, committed 19456K, reserved 1114112K
  class space    used 1894K, committed 1984K, reserved 1048576K
}
Event: 213.860 GC heap before
{Heap before GC invocations=184 (full 0):
 garbage-first heap   total 305152K, used 198606K [0x00000000e2000000, 0x0000000100000000)
  region size 1024K, 2 young (2048K), 1 survivors (1024K)
 Metaspace       used 19222K, committed 19456K, reserved 1114112K
  class space    used 1894K, committed 1984K, reserved 1048576K
}
Event: 213.865 GC heap after
{Heap after GC invocations=185 (full 0):
 garbage-first heap   total 305152K, used 198606K [0x00000000e2000000, 0x0000000100000000)
  region size 1024K, 1 young (1024K), 1 survivors (1024K)
 Metaspace       used 19222K, committed 19456K, reserved 1114112K
  class space    used 1894K, committed 1984K, reserved 1048576K
}

