# JRE version: Java(TM) SE Runtime Environment (19.0.1+10) (build 19.0.1+10-21)
# Java VM: Java HotSpot(TM) 64-Bit Server VM (19.0.1+10-21, mixed mode, sharing, tiered, compressed oops, compressed class ptrs, g1 gc, windows-amd64)
GC Precious Log:
 CardTable entry size: 512
 Card Set container configuration: InlinePtr #cards 5 size 8 Array Of Cards #cards 12 size 40 Howl #buckets 4 coarsen threshold 1843 Howl Bitmap #cards 512 size 80 coarsen threshold 460 Card regions per heap region 1 cards per card region 2048
 CPUs: 2 total, 2 available
 Memory: 1917M
 Large Page Support: Disabled
 NUMA Support: Disabled
 Compressed Oops: Enabled (32-bit)
 Heap Region Size: 1M
 Heap Min Capacity: 8M
 Heap Initial Capacity: 30M
 Heap Max Capacity: 480M
 Pre-touch: Disabled
 Parallel Workers: 2
 Concurrent Workers: 1
 Concurrent Refinement Workers: 2
 Periodic GC: Disabled
Heap:
 garbage-first heap   total 438272K, used 348091K [0x00000000e2000000, 0x0000000100000000)
  region size 1024K, 203 young (207872K), 2 survivors (2048K)
 Metaspace       used 19669K, committed 20032K, reserved 1114112K
  class space    used 1929K, committed 2112K, reserved 1048576K
GC Heap History (20 events):
Event: 301.141 GC heap before
{Heap before GC invocations=288 (full 0):
 garbage-first heap   total 438272K, used 376712K [0x00000000e2000000, 0x0000000100000000)
  region size 1024K, 231 young (236544K), 1 survivors (1024K)
 Metaspace       used 19704K, committed 19968K, reserved 1114112K
  class space    used 1939K, committed 2112K, reserved 1048576K
}
Event: 301.153 GC heap after
{Heap after GC invocations=289 (full 0):
 garbage-first heap   total 438272K, used 142918K [0x00000000e2000000, 0x0000000100000000)
  region size 1024K, 3 young (3072K), 3 survivors (3072K)
 Metaspace       used 19704K, committed 19968K, reserved 1114112K
  class space    used 1939K, committed 2112K, reserved 1048576K
}
Event: 302.914 GC heap before
{Heap before GC invocations=290 (full 0):
 garbage-first heap   total 438272K, used 378438K [0x00000000e2000000, 0x0000000100000000)
  region size 1024K, 233 young (238592K), 3 survivors (3072K)
 Metaspace       used 19708K, committed 20032K, reserved 1114112K
  class space    used 1939K, committed 2112K, reserved 1048576K
}
Event: 302.926 GC heap after
{Heap after GC invocations=291 (full 0):
 garbage-first heap   total 438272K, used 143392K [0x00000000e2000000, 0x0000000100000000)
  region size 1024K, 3 young (3072K), 3 survivors (3072K)
 Metaspace       used 19708K, committed 20032K, reserved 1114112K
  class space    used 1939K, committed 2112K, reserved 1048576K
}
Event: 303.086 GC heap before
{Heap before GC invocations=291 (full 0):
 garbage-first heap   total 438272K, used 161824K [0x00000000e2000000, 0x0000000100000000)
  region size 1024K, 21 young (21504K), 3 survivors (3072K)
 Metaspace       used 19710K, committed 20032K, reserved 1114112K
  class space    used 1940K, committed 2112K, reserved 1048576K
}
Event: 303.145 GC heap after
{Heap after GC invocations=292 (full 0):
 garbage-first heap   total 438272K, used 141031K [0x00000000e2000000, 0x0000000100000000)
  region size 1024K, 1 young (1024K), 1 survivors (1024K)
 Metaspace       used 19710K, committed 20032K, reserved 1114112K
  class space    used 1940K, committed 2112K, reserved 1048576K
}
Event: 304.604 GC heap before
{Heap before GC invocations=292 (full 0):
 garbage-first heap   total 438272K, used 380647K [0x00000000e2000000, 0x0000000100000000)
  region size 1024K, 235 young (240640K), 1 survivors (1024K)
 Metaspace       used 19710K, committed 20032K, reserved 1114112K
  class space    used 1940K, committed 2112K, reserved 1048576K
}
Event: 304.614 GC heap after
{Heap after GC invocations=293 (full 0):
 garbage-first heap   total 438272K, used 142467K [0x00000000e2000000, 0x0000000100000000)
  region size 1024K, 2 young (2048K), 2 survivors (2048K)
 Metaspace       used 19710K, committed 20032K, reserved 1114112K
  class space    used 1940K, committed 2112K, reserved 1048576K
}
Event: 306.112 GC heap before
{Heap before GC invocations=294 (full 0):
 garbage-first heap   total 438272K, used 382083K [0x00000000e2000000, 0x0000000100000000)
  region size 1024K, 236 young (241664K), 2 survivors (2048K)
 Metaspace       used 19711K, committed 20032K, reserved 1114112K
  class space    used 1940K, committed 2112K, reserved 1048576K
}
Event: 306.123 GC heap after
{Heap after GC invocations=295 (full 0):
 garbage-first heap   total 438272K, used 143070K [0x00000000e2000000, 0x0000000100000000)
  region size 1024K, 3 young (3072K), 3 survivors (3072K)
 Metaspace       used 19711K, committed 20032K, reserved 1114112K
  class space    used 1940K, committed 2112K, reserved 1048576K
}
Event: 306.216 GC heap before
{Heap before GC invocations=295 (full 0):
 garbage-first heap   total 438272K, used 161502K [0x00000000e2000000, 0x0000000100000000)
  region size 1024K, 21 young (21504K), 3 survivors (3072K)
 Metaspace       used 19711K, committed 20032K, reserved 1114112K
  class space    used 1940K, committed 2112K, reserved 1048576K
}
Event: 306.263 GC heap after
{Heap after GC invocations=296 (full 0):
 garbage-first heap   total 438272K, used 140786K [0x00000000e2000000, 0x0000000100000000)
  region size 1024K, 1 young (1024K), 1 survivors (1024K)
 Metaspace       used 19711K, committed 20032K, reserved 1114112K
  class space    used 1940K, committed 2112K, reserved 1048576K
}
Event: 463.523 GC heap before
{Heap before GC invocations=296 (full 0):
 garbage-first heap   total 438272K, used 381426K [0x00000000e2000000, 0x0000000100000000)
  region size 1024K, 237 young (242688K), 1 survivors (1024K)
 Metaspace       used 19712K, committed 20032K, reserved 1114112K
  class space    used 1940K, committed 2112K, reserved 1048576K
}
Event: 463.738 GC heap after
{Heap after GC invocations=297 (full 0):
 garbage-first heap   total 438272K, used 143126K [0x00000000e2000000, 0x0000000100000000)
  region size 1024K, 3 young (3072K), 3 survivors (3072K)
 Metaspace       used 19712K, committed 20032K, reserved 1114112K
  class space    used 1940K, committed 2112K, reserved 1048576K
}
Event: 466.589 GC heap before
{Heap before GC invocations=297 (full 0):
 garbage-first heap   total 438272K, used 381718K [0x00000000e2000000, 0x0000000100000000)
  region size 1024K, 237 young (242688K), 3 survivors (3072K)
 Metaspace       used 19712K, committed 20032K, reserved 1114112K
  class space    used 1940K, committed 2112K, reserved 1048576K
}
Event: 466.606 GC heap after
{Heap after GC invocations=298 (full 0):
 garbage-first heap   total 438272K, used 143156K [0x00000000e2000000, 0x0000000100000000)
  region size 1024K, 3 young (3072K), 3 survivors (3072K)
 Metaspace       used 19712K, committed 20032K, reserved 1114112K
  class space    used 1940K, committed 2112K, reserved 1048576K
}
Event: 467.026 GC heap before
{Heap before GC invocations=298 (full 0):
 garbage-first heap   total 438272K, used 383796K [0x00000000e2000000, 0x0000000100000000)
  region size 1024K, 238 young (243712K), 3 survivors (3072K)
 Metaspace       used 19712K, committed 20032K, reserved 1114112K
  class space    used 1940K, committed 2112K, reserved 1048576K
}
Event: 467.042 GC heap after
{Heap after GC invocations=299 (full 0):
 garbage-first heap   total 438272K, used 143324K [0x00000000e2000000, 0x0000000100000000)
  region size 1024K, 2 young (2048K), 2 survivors (2048K)
 Metaspace       used 19712K, committed 20032K, reserved 1114112K
  class space    used 1940K, committed 2112K, reserved 1048576K
}
Event: 467.415 GC heap before
{Heap before GC invocations=299 (full 0):
 garbage-first heap   total 438272K, used 387036K [0x00000000e2000000, 0x0000000100000000)
  region size 1024K, 239 young (244736K), 2 survivors (2048K)
 Metaspace       used 19712K, committed 20032K, reserved 1114112K
  class space    used 1940K, committed 2112K, reserved 1048576K
}
Event: 467.434 GC heap after
{Heap after GC invocations=300 (full 0):
 garbage-first heap   total 438272K, used 144315K [0x00000000e2000000, 0x0000000100000000)
  region size 1024K, 2 young (2048K), 2 survivors (2048K)
 Metaspace       used 19712K, committed 20032K, reserved 1114112K
  class space    used 1940K, committed 2112K, reserved 1048576K
}

