# JRE version: Java(TM) SE Runtime Environment (19.0.1+10) (build 19.0.1+10-21)
# Java VM: Java HotSpot(TM) 64-Bit Server VM (19.0.1+10-21, mixed mode, sharing, tiered, compressed oops, compressed class ptrs, g1 gc, windows-amd64)
GC Precious Log:
 CardTable entry size: 512
 Card Set container configuration: InlinePtr #cards 5 size 8 Array Of Cards #cards 12 size 40 Howl #buckets 4 coarsen threshold 1843 Howl Bitmap #cards 512 size 80 coarsen threshold 460 Card regions per heap region 1 cards per card region 2048
 CPUs: 2 total, 2 available
 Memory: 1917M
 Large Page Support: Disabled
 NUMA Support: Disabled
 Compressed Oops: Enabled (32-bit)
 Heap Region Size: 1M
 Heap Min Capacity: 8M
 Heap Initial Capacity: 30M
 Heap Max Capacity: 480M
 Pre-touch: Disabled
 Parallel Workers: 2
 Concurrent Workers: 1
 Concurrent Refinement Workers: 2
 Periodic GC: Disabled
Heap:
 garbage-first heap   total 186368K, used 155039K [0x00000000e2000000, 0x0000000100000000)
  region size 1024K, 56 young (57344K), 6 survivors (6144K)
 Metaspace       used 16911K, committed 17152K, reserved 1114112K
  class space    used 1695K, committed 1792K, reserved 1048576K
GC Heap History (20 events):
Event: 65.591 GC heap before
{Heap before GC invocations=34 (full 0):
 garbage-first heap   total 186368K, used 95869K [0x00000000e2000000, 0x0000000100000000)
  region size 1024K, 9 young (9216K), 5 survivors (5120K)
 Metaspace       used 16882K, committed 17152K, reserved 1114112K
  class space    used 1693K, committed 1792K, reserved 1048576K
}
Event: 65.641 GC heap after
{Heap after GC invocations=35 (full 0):
 garbage-first heap   total 186368K, used 90183K [0x00000000e2000000, 0x0000000100000000)
  region size 1024K, 1 young (1024K), 1 survivors (1024K)
 Metaspace       used 16882K, committed 17152K, reserved 1114112K
  class space    used 1693K, committed 1792K, reserved 1048576K
}
Event: 66.088 GC heap before
{Heap before GC invocations=35 (full 0):
 garbage-first heap   total 186368K, used 155719K [0x00000000e2000000, 0x0000000100000000)
  region size 1024K, 65 young (66560K), 1 survivors (1024K)
 Metaspace       used 16883K, committed 17152K, reserved 1114112K
  class space    used 1694K, committed 1792K, reserved 1048576K
}
Event: 66.096 GC heap after
{Heap after GC invocations=36 (full 0):
 garbage-first heap   total 186368K, used 91986K [0x00000000e2000000, 0x0000000100000000)
  region size 1024K, 3 young (3072K), 3 survivors (3072K)
 Metaspace       used 16883K, committed 17152K, reserved 1114112K
  class space    used 1694K, committed 1792K, reserved 1048576K
}
Event: 67.737 GC heap before
{Heap before GC invocations=37 (full 0):
 garbage-first heap   total 186368K, used 157522K [0x00000000e2000000, 0x0000000100000000)
  region size 1024K, 67 young (68608K), 3 survivors (3072K)
 Metaspace       used 16889K, committed 17152K, reserved 1114112K
  class space    used 1694K, committed 1792K, reserved 1048576K
}
Event: 67.755 GC heap after
{Heap after GC invocations=38 (full 0):
 garbage-first heap   total 186368K, used 94112K [0x00000000e2000000, 0x0000000100000000)
  region size 1024K, 5 young (5120K), 5 survivors (5120K)
 Metaspace       used 16889K, committed 17152K, reserved 1114112K
  class space    used 1694K, committed 1792K, reserved 1048576K
}
Event: 67.788 GC heap before
{Heap before GC invocations=38 (full 0):
 garbage-first heap   total 186368K, used 98208K [0x00000000e2000000, 0x0000000100000000)
  region size 1024K, 9 young (9216K), 5 survivors (5120K)
 Metaspace       used 16889K, committed 17152K, reserved 1114112K
  class space    used 1694K, committed 1792K, reserved 1048576K
}
Event: 67.855 GC heap after
{Heap after GC invocations=39 (full 0):
 garbage-first heap   total 186368K, used 93449K [0x00000000e2000000, 0x0000000100000000)
  region size 1024K, 1 young (1024K), 1 survivors (1024K)
 Metaspace       used 16889K, committed 17152K, reserved 1114112K
  class space    used 1694K, committed 1792K, reserved 1048576K
}
Event: 68.466 GC heap before
{Heap before GC invocations=39 (full 0):
 garbage-first heap   total 186368K, used 157961K [0x00000000e2000000, 0x0000000100000000)
  region size 1024K, 64 young (65536K), 1 survivors (1024K)
 Metaspace       used 16889K, committed 17152K, reserved 1114112K
  class space    used 1694K, committed 1792K, reserved 1048576K
}
Event: 68.476 GC heap after
{Heap after GC invocations=40 (full 0):
 garbage-first heap   total 186368K, used 95239K [0x00000000e2000000, 0x0000000100000000)
  region size 1024K, 3 young (3072K), 3 survivors (3072K)
 Metaspace       used 16889K, committed 17152K, reserved 1114112K
  class space    used 1694K, committed 1792K, reserved 1048576K
}
Event: 69.402 GC heap before
{Heap before GC invocations=40 (full 0):
 garbage-first heap   total 186368K, used 158727K [0x00000000e2000000, 0x0000000100000000)
  region size 1024K, 65 young (66560K), 3 survivors (3072K)
 Metaspace       used 16890K, committed 17152K, reserved 1114112K
  class space    used 1694K, committed 1792K, reserved 1048576K
}
Event: 69.417 GC heap after
{Heap after GC invocations=41 (full 0):
 garbage-first heap   total 186368K, used 97187K [0x00000000e2000000, 0x0000000100000000)
  region size 1024K, 4 young (4096K), 4 survivors (4096K)
 Metaspace       used 16890K, committed 17152K, reserved 1114112K
  class space    used 1694K, committed 1792K, reserved 1048576K
}
Event: 70.099 GC heap before
{Heap before GC invocations=41 (full 0):
 garbage-first heap   total 186368K, used 159651K [0x00000000e2000000, 0x0000000100000000)
  region size 1024K, 65 young (66560K), 4 survivors (4096K)
 Metaspace       used 16899K, committed 17152K, reserved 1114112K
  class space    used 1694K, committed 1792K, reserved 1048576K
}
Event: 70.117 GC heap after
{Heap after GC invocations=42 (full 0):
 garbage-first heap   total 186368K, used 99582K [0x00000000e2000000, 0x0000000100000000)
  region size 1024K, 7 young (7168K), 7 survivors (7168K)
 Metaspace       used 16899K, committed 17152K, reserved 1114112K
  class space    used 1694K, committed 1792K, reserved 1048576K
}
Event: 70.970 GC heap before
{Heap before GC invocations=42 (full 0):
 garbage-first heap   total 186368K, used 158974K [0x00000000e2000000, 0x0000000100000000)
  region size 1024K, 65 young (66560K), 7 survivors (7168K)
 Metaspace       used 16900K, committed 17152K, reserved 1114112K
  class space    used 1694K, committed 1792K, reserved 1048576K
}
Event: 71.021 GC heap after
{Heap after GC invocations=43 (full 0):
 garbage-first heap   total 186368K, used 101326K [0x00000000e2000000, 0x0000000100000000)
  region size 1024K, 6 young (6144K), 6 survivors (6144K)
 Metaspace       used 16900K, committed 17152K, reserved 1114112K
  class space    used 1694K, committed 1792K, reserved 1048576K
}
Event: 71.898 GC heap before
{Heap before GC invocations=43 (full 0):
 garbage-first heap   total 186368K, used 160718K [0x00000000e2000000, 0x0000000100000000)
  region size 1024K, 64 young (65536K), 6 survivors (6144K)
 Metaspace       used 16900K, committed 17152K, reserved 1114112K
  class space    used 1694K, committed 1792K, reserved 1048576K
}
Event: 71.921 GC heap after
{Heap after GC invocations=44 (full 0):
 garbage-first heap   total 186368K, used 102912K [0x00000000e2000000, 0x0000000100000000)
  region size 1024K, 6 young (6144K), 6 survivors (6144K)
 Metaspace       used 16900K, committed 17152K, reserved 1114112K
  class space    used 1694K, committed 1792K, reserved 1048576K
}
Event: 72.313 GC heap before
{Heap before GC invocations=44 (full 0):
 garbage-first heap   total 186368K, used 160256K [0x00000000e2000000, 0x0000000100000000)
  region size 1024K, 62 young (63488K), 6 survivors (6144K)
 Metaspace       used 16900K, committed 17152K, reserved 1114112K
  class space    used 1694K, committed 1792K, reserved 1048576K
}
Event: 72.342 GC heap after
{Heap after GC invocations=45 (full 0):
 garbage-first heap   total 186368K, used 104863K [0x00000000e2000000, 0x0000000100000000)
  region size 1024K, 6 young (6144K), 6 survivors (6144K)
 Metaspace       used 16900K, committed 17152K, reserved 1114112K
  class space    used 1694K, committed 1792K, reserved 1048576K
}

