# JRE version: Java(TM) SE Runtime Environment (19.0.1+10) (build 19.0.1+10-21)
# Java VM: Java HotSpot(TM) 64-Bit Server VM (19.0.1+10-21, mixed mode, sharing, tiered, compressed oops, compressed class ptrs, g1 gc, windows-amd64)
GC Precious Log:
 CardTable entry size: 512
 Card Set container configuration: InlinePtr #cards 5 size 8 Array Of Cards #cards 12 size 40 Howl #buckets 4 coarsen threshold 1843 Howl Bitmap #cards 512 size 80 coarsen threshold 460 Card regions per heap region 1 cards per card region 2048
 CPUs: 2 total, 2 available
 Memory: 1917M
 Large Page Support: Disabled
 NUMA Support: Disabled
 Compressed Oops: Enabled (32-bit)
 Heap Region Size: 1M
 Heap Min Capacity: 8M
 Heap Initial Capacity: 30M
 Heap Max Capacity: 480M
 Pre-touch: Disabled
 Parallel Workers: 2
 Concurrent Workers: 1
 Concurrent Refinement Workers: 2
 Periodic GC: Disabled
Heap:
 garbage-first heap   total 393216K, used 274371K [0x00000000e2000000, 0x0000000100000000)
  region size 1024K, 139 young (142336K), 3 survivors (3072K)
 Metaspace       used 19710K, committed 20032K, reserved 1114112K
  class space    used 1933K, committed 2112K, reserved 1048576K
GC Heap History (20 events):
Event: 123.362 GC heap before
{Heap before GC invocations=85 (full 0):
 garbage-first heap   total 393216K, used 345280K [0x00000000e2000000, 0x0000000100000000)
  region size 1024K, 209 young (214016K), 2 survivors (2048K)
 Metaspace       used 19502K, committed 19776K, reserved 1114112K
  class space    used 1911K, committed 2048K, reserved 1048576K
}
Event: 123.373 GC heap after
{Heap after GC invocations=86 (full 0):
 garbage-first heap   total 393216K, used 134111K [0x00000000e2000000, 0x0000000100000000)
  region size 1024K, 3 young (3072K), 3 survivors (3072K)
 Metaspace       used 19502K, committed 19776K, reserved 1114112K
  class space    used 1911K, committed 2048K, reserved 1048576K
}
Event: 125.413 GC heap before
{Heap before GC invocations=87 (full 0):
 garbage-first heap   total 393216K, used 346079K [0x00000000e2000000, 0x0000000100000000)
  region size 1024K, 210 young (215040K), 3 survivors (3072K)
 Metaspace       used 19503K, committed 19776K, reserved 1114112K
  class space    used 1911K, committed 2048K, reserved 1048576K
}
Event: 125.454 GC heap after
{Heap after GC invocations=88 (full 0):
 garbage-first heap   total 393216K, used 134715K [0x00000000e2000000, 0x0000000100000000)
  region size 1024K, 4 young (4096K), 4 survivors (4096K)
 Metaspace       used 19503K, committed 19776K, reserved 1114112K
  class space    used 1911K, committed 2048K, reserved 1048576K
}
Event: 125.550 GC heap before
{Heap before GC invocations=88 (full 0):
 garbage-first heap   total 393216K, used 150075K [0x00000000e2000000, 0x0000000100000000)
  region size 1024K, 19 young (19456K), 4 survivors (4096K)
 Metaspace       used 19511K, committed 19776K, reserved 1114112K
  class space    used 1911K, committed 2048K, reserved 1048576K
}
Event: 125.592 GC heap after
{Heap after GC invocations=89 (full 0):
 garbage-first heap   total 393216K, used 132879K [0x00000000e2000000, 0x0000000100000000)
  region size 1024K, 1 young (1024K), 1 survivors (1024K)
 Metaspace       used 19511K, committed 19776K, reserved 1114112K
  class space    used 1911K, committed 2048K, reserved 1048576K
}
Event: 126.818 GC heap before
{Heap before GC invocations=89 (full 0):
 garbage-first heap   total 393216K, used 346895K [0x00000000e2000000, 0x0000000100000000)
  region size 1024K, 210 young (215040K), 1 survivors (1024K)
 Metaspace       used 19511K, committed 19776K, reserved 1114112K
  class space    used 1911K, committed 2048K, reserved 1048576K
}
Event: 126.825 GC heap after
{Heap after GC invocations=90 (full 0):
 garbage-first heap   total 393216K, used 133745K [0x00000000e2000000, 0x0000000100000000)
  region size 1024K, 2 young (2048K), 2 survivors (2048K)
 Metaspace       used 19511K, committed 19776K, reserved 1114112K
  class space    used 1911K, committed 2048K, reserved 1048576K
}
Event: 128.703 GC heap before
{Heap before GC invocations=90 (full 0):
 garbage-first heap   total 393216K, used 347761K [0x00000000e2000000, 0x0000000100000000)
  region size 1024K, 211 young (216064K), 2 survivors (2048K)
 Metaspace       used 19687K, committed 20032K, reserved 1114112K
  class space    used 1933K, committed 2112K, reserved 1048576K
}
Event: 128.712 GC heap after
{Heap after GC invocations=91 (full 0):
 garbage-first heap   total 393216K, used 134229K [0x00000000e2000000, 0x0000000100000000)
  region size 1024K, 3 young (3072K), 3 survivors (3072K)
 Metaspace       used 19687K, committed 20032K, reserved 1114112K
  class space    used 1933K, committed 2112K, reserved 1048576K
}
Event: 216.153 GC heap before
{Heap before GC invocations=91 (full 0):
 garbage-first heap   total 393216K, used 346197K [0x00000000e2000000, 0x0000000100000000)
  region size 1024K, 211 young (216064K), 3 survivors (3072K)
 Metaspace       used 19710K, committed 20032K, reserved 1114112K
  class space    used 1933K, committed 2112K, reserved 1048576K
}
Event: 216.231 GC heap after
{Heap after GC invocations=92 (full 0):
 garbage-first heap   total 393216K, used 135957K [0x00000000e2000000, 0x0000000100000000)
  region size 1024K, 4 young (4096K), 4 survivors (4096K)
 Metaspace       used 19710K, committed 20032K, reserved 1114112K
  class space    used 1933K, committed 2112K, reserved 1048576K
}
Event: 218.220 GC heap before
{Heap before GC invocations=92 (full 0):
 garbage-first heap   total 393216K, used 346901K [0x00000000e2000000, 0x0000000100000000)
  region size 1024K, 210 young (215040K), 4 survivors (4096K)
 Metaspace       used 19710K, committed 20032K, reserved 1114112K
  class space    used 1933K, committed 2112K, reserved 1048576K
}
Event: 218.241 GC heap after
{Heap after GC invocations=93 (full 0):
 garbage-first heap   total 393216K, used 136131K [0x00000000e2000000, 0x0000000100000000)
  region size 1024K, 3 young (3072K), 3 survivors (3072K)
 Metaspace       used 19710K, committed 20032K, reserved 1114112K
  class space    used 1933K, committed 2112K, reserved 1048576K
}
Event: 218.712 GC heap before
{Heap before GC invocations=93 (full 0):
 garbage-first heap   total 393216K, used 349123K [0x00000000e2000000, 0x0000000100000000)
  region size 1024K, 210 young (215040K), 3 survivors (3072K)
 Metaspace       used 19710K, committed 20032K, reserved 1114112K
  class space    used 1933K, committed 2112K, reserved 1048576K
}
Event: 218.730 GC heap after
{Heap after GC invocations=94 (full 0):
 garbage-first heap   total 393216K, used 137155K [0x00000000e2000000, 0x0000000100000000)
  region size 1024K, 3 young (3072K), 3 survivors (3072K)
 Metaspace       used 19710K, committed 20032K, reserved 1114112K
  class space    used 1933K, committed 2112K, reserved 1048576K
}
Event: 219.163 GC heap before
{Heap before GC invocations=94 (full 0):
 garbage-first heap   total 393216K, used 347075K [0x00000000e2000000, 0x0000000100000000)
  region size 1024K, 209 young (214016K), 3 survivors (3072K)
 Metaspace       used 19710K, committed 20032K, reserved 1114112K
  class space    used 1933K, committed 2112K, reserved 1048576K
}
Event: 219.173 GC heap after
{Heap after GC invocations=95 (full 0):
 garbage-first heap   total 393216K, used 137155K [0x00000000e2000000, 0x0000000100000000)
  region size 1024K, 3 young (3072K), 3 survivors (3072K)
 Metaspace       used 19710K, committed 20032K, reserved 1114112K
  class space    used 1933K, committed 2112K, reserved 1048576K
}
Event: 219.568 GC heap before
{Heap before GC invocations=95 (full 0):
 garbage-first heap   total 393216K, used 348099K [0x00000000e2000000, 0x0000000100000000)
  region size 1024K, 210 young (215040K), 3 survivors (3072K)
 Metaspace       used 19710K, committed 20032K, reserved 1114112K
  class space    used 1933K, committed 2112K, reserved 1048576K
}
Event: 219.580 GC heap after
{Heap after GC invocations=96 (full 0):
 garbage-first heap   total 393216K, used 137155K [0x00000000e2000000, 0x0000000100000000)
  region size 1024K, 3 young (3072K), 3 survivors (3072K)
 Metaspace       used 19710K, committed 20032K, reserved 1114112K
  class space    used 1933K, committed 2112K, reserved 1048576K
}

