# JRE version: Java(TM) SE Runtime Environment (19.0.1+10) (build 19.0.1+10-21)
# Java VM: Java HotSpot(TM) 64-Bit Server VM (19.0.1+10-21, mixed mode, sharing, tiered, compressed oops, compressed class ptrs, g1 gc, windows-amd64)
GC Precious Log:
 CardTable entry size: 512
 Card Set container configuration: InlinePtr #cards 5 size 8 Array Of Cards #cards 12 size 40 Howl #buckets 4 coarsen threshold 1843 Howl Bitmap #cards 512 size 80 coarsen threshold 460 Card regions per heap region 1 cards per card region 2048
 CPUs: 2 total, 2 available
 Memory: 1917M
 Large Page Support: Disabled
 NUMA Support: Disabled
 Compressed Oops: Enabled (32-bit)
 Heap Region Size: 1M
 Heap Min Capacity: 8M
 Heap Initial Capacity: 30M
 Heap Max Capacity: 480M
 Pre-touch: Disabled
 Parallel Workers: 2
 Concurrent Workers: 1
 Concurrent Refinement Workers: 2
 Periodic GC: Disabled
Heap:
 garbage-first heap   total 291840K, used 225460K [0x00000000e2000000, 0x0000000100000000)
  region size 1024K, 62 young (63488K), 1 survivors (1024K)
 Metaspace       used 19909K, committed 20224K, reserved 1114112K
  class space    used 1944K, committed 2112K, reserved 1048576K
GC Heap History (20 events):
Event: 428.414 GC heap after
{Heap after GC invocations=118 (full 0):
 garbage-first heap   total 256000K, used 159129K [0x00000000e2000000, 0x0000000100000000)
  region size 1024K, 4 young (4096K), 4 survivors (4096K)
 Metaspace       used 19899K, committed 20160K, reserved 1114112K
  class space    used 1944K, committed 2112K, reserved 1048576K
}
Event: 428.739 GC heap before
{Heap before GC invocations=118 (full 0):
 garbage-first heap   total 256000K, used 224665K [0x00000000e2000000, 0x0000000100000000)
  region size 1024K, 69 young (70656K), 4 survivors (4096K)
 Metaspace       used 19899K, committed 20160K, reserved 1114112K
  class space    used 1944K, committed 2112K, reserved 1048576K
}
Event: 428.751 GC heap after
{Heap after GC invocations=119 (full 0):
 garbage-first heap   total 256000K, used 159558K [0x00000000e2000000, 0x0000000100000000)
  region size 1024K, 5 young (5120K), 5 survivors (5120K)
 Metaspace       used 19899K, committed 20160K, reserved 1114112K
  class space    used 1944K, committed 2112K, reserved 1048576K
}
Event: 429.059 GC heap before
{Heap before GC invocations=119 (full 0):
 garbage-first heap   total 256000K, used 223046K [0x00000000e2000000, 0x0000000100000000)
  region size 1024K, 68 young (69632K), 5 survivors (5120K)
 Metaspace       used 19899K, committed 20160K, reserved 1114112K
  class space    used 1944K, committed 2112K, reserved 1048576K
}
Event: 429.079 GC heap after
{Heap after GC invocations=120 (full 0):
 garbage-first heap   total 256000K, used 159081K [0x00000000e2000000, 0x0000000100000000)
  region size 1024K, 4 young (4096K), 4 survivors (4096K)
 Metaspace       used 19899K, committed 20160K, reserved 1114112K
  class space    used 1944K, committed 2112K, reserved 1048576K
}
Event: 429.229 GC heap before
{Heap before GC invocations=120 (full 0):
 garbage-first heap   total 256000K, used 224617K [0x00000000e2000000, 0x0000000100000000)
  region size 1024K, 69 young (70656K), 4 survivors (4096K)
 Metaspace       used 19899K, committed 20160K, reserved 1114112K
  class space    used 1944K, committed 2112K, reserved 1048576K
}
Event: 429.240 GC heap after
{Heap after GC invocations=121 (full 0):
 garbage-first heap   total 256000K, used 159366K [0x00000000e2000000, 0x0000000100000000)
  region size 1024K, 5 young (5120K), 5 survivors (5120K)
 Metaspace       used 19899K, committed 20160K, reserved 1114112K
  class space    used 1944K, committed 2112K, reserved 1048576K
}
Event: 429.443 GC heap before
{Heap before GC invocations=121 (full 0):
 garbage-first heap   total 256000K, used 222854K [0x00000000e2000000, 0x0000000100000000)
  region size 1024K, 68 young (69632K), 5 survivors (5120K)
 Metaspace       used 19899K, committed 20160K, reserved 1114112K
  class space    used 1944K, committed 2112K, reserved 1048576K
}
Event: 429.490 GC heap after
{Heap after GC invocations=122 (full 0):
 garbage-first heap   total 256000K, used 158931K [0x00000000e2000000, 0x0000000100000000)
  region size 1024K, 3 young (3072K), 3 survivors (3072K)
 Metaspace       used 19899K, committed 20160K, reserved 1114112K
  class space    used 1944K, committed 2112K, reserved 1048576K
}
Event: 429.720 GC heap before
{Heap before GC invocations=122 (full 0):
 garbage-first heap   total 256000K, used 225491K [0x00000000e2000000, 0x0000000100000000)
  region size 1024K, 69 young (70656K), 3 survivors (3072K)
 Metaspace       used 19902K, committed 20160K, reserved 1114112K
  class space    used 1944K, committed 2112K, reserved 1048576K
}
Event: 429.733 GC heap after
{Heap after GC invocations=123 (full 0):
 garbage-first heap   total 256000K, used 158874K [0x00000000e2000000, 0x0000000100000000)
  region size 1024K, 2 young (2048K), 2 survivors (2048K)
 Metaspace       used 19902K, committed 20160K, reserved 1114112K
  class space    used 1944K, committed 2112K, reserved 1048576K
}
Event: 429.969 GC heap before
{Heap before GC invocations=123 (full 0):
 garbage-first heap   total 256000K, used 230554K [0x00000000e2000000, 0x0000000100000000)
  region size 1024K, 69 young (70656K), 2 survivors (2048K)
 Metaspace       used 19909K, committed 20224K, reserved 1114112K
  class space    used 1944K, committed 2112K, reserved 1048576K
}
Event: 430.064 GC heap after
{Heap after GC invocations=124 (full 0):
 garbage-first heap   total 256000K, used 161172K [0x00000000e2000000, 0x0000000100000000)
  region size 1024K, 1 young (1024K), 1 survivors (1024K)
 Metaspace       used 19909K, committed 20224K, reserved 1114112K
  class space    used 1944K, committed 2112K, reserved 1048576K
}
Event: 430.219 GC heap before
{Heap before GC invocations=124 (full 0):
 garbage-first heap   total 256000K, used 226708K [0x00000000e2000000, 0x0000000100000000)
  region size 1024K, 66 young (67584K), 1 survivors (1024K)
 Metaspace       used 19909K, committed 20224K, reserved 1114112K
  class space    used 1944K, committed 2112K, reserved 1048576K
}
Event: 430.329 GC heap after
{Heap after GC invocations=125 (full 0):
 garbage-first heap   total 256000K, used 161170K [0x00000000e2000000, 0x0000000100000000)
  region size 1024K, 1 young (1024K), 1 survivors (1024K)
 Metaspace       used 19909K, committed 20224K, reserved 1114112K
  class space    used 1944K, committed 2112K, reserved 1048576K
}
Event: 430.468 GC heap before
{Heap before GC invocations=125 (full 0):
 garbage-first heap   total 256000K, used 226706K [0x00000000e2000000, 0x0000000100000000)
  region size 1024K, 66 young (67584K), 1 survivors (1024K)
 Metaspace       used 19909K, committed 20224K, reserved 1114112K
  class space    used 1944K, committed 2112K, reserved 1048576K
}
Event: 430.478 GC heap after
{Heap after GC invocations=126 (full 0):
 garbage-first heap   total 291840K, used 161149K [0x00000000e2000000, 0x0000000100000000)
  region size 1024K, 1 young (1024K), 1 survivors (1024K)
 Metaspace       used 19909K, committed 20224K, reserved 1114112K
  class space    used 1944K, committed 2112K, reserved 1048576K
}
Event: 430.718 GC heap before
{Heap before GC invocations=126 (full 0):
 garbage-first heap   total 291840K, used 220541K [0x00000000e2000000, 0x0000000100000000)
  region size 1024K, 61 young (62464K), 1 survivors (1024K)
 Metaspace       used 19909K, committed 20224K, reserved 1114112K
  class space    used 1944K, committed 2112K, reserved 1048576K
}
Event: 430.756 GC heap after
{Heap after GC invocations=127 (full 0):
 garbage-first heap   total 291840K, used 160949K [0x00000000e2000000, 0x0000000100000000)
  region size 1024K, 1 young (1024K), 1 survivors (1024K)
 Metaspace       used 19909K, committed 20224K, reserved 1114112K
  class space    used 1944K, committed 2112K, reserved 1048576K
}
Event: 431.286 GC heap before
{Heap before GC invocations=127 (full 0):
 garbage-first heap   total 291840K, used 266421K [0x00000000e2000000, 0x0000000100000000)
  region size 1024K, 97 young (99328K), 1 survivors (1024K)
 Metaspace       used 19909K, committed 20224K, reserved 1114112K
  class space    used 1944K, committed 2112K, reserved 1048576K
}

